Arguments: 
  D:\nvm\node.exe C:\Program Files (x86)\Yarn\bin\yarn.js

PATH: 
  C:\Windows\system32;C:\Windows;C:\Windows\System32\Wbem;C:\Windows\System32\WindowsPowerShell\v1.0\;C:\Windows\System32\OpenSSH\;C:\Program Files\dotnet\;C:\Program Files (x86)\Microsoft SQL Server\150\DTS\Binn\;C:\Program Files\Microsoft SQL Server\130\Tools\Binn\;C:\Program Files\Microsoft\Web Platform Installer\;C:\ProgramData\chocolatey\bin;C:\Users\gjunior\AppData\Roaming\nvm;D:\nvm;C:\Program Files (x86)\Yarn\bin\;C:\Program Files\Microsoft SQL Server\150\Tools\Binn\;C:\Program Files\Git\cmd;C:\Program Files\Process Lasso\;C:\Program Files\Microsoft SQL Server\Client SDK\ODBC\170\Tools\Binn\;C:\Users\gjunior\scoop\shims;C:\Users\gjunior\AppData\Local\Microsoft\WindowsApps;C:\Users\gjunior\AppData\Local\Programs\Microsoft VS Code\bin;C:\Users\gjunior\.dotnet\tools;C:\Users\gjunior\AppData\Roaming\nvm;D:\nvm;C:\Users\gjunior\AppData\Local\Yarn\bin;C:\Users\gjunior\.dotnet\tools

Yarn version: 
  1.22.5

Node version: 
  16.6.1

Platform: 
  win32 x64

Trace: 
  SyntaxError: D:\Source\backend-pdi\package.json: Unexpected token } in JSON at position 147
      at JSON.parse (<anonymous>)
      at C:\Program Files (x86)\Yarn\lib\cli.js:1625:59
      at Generator.next (<anonymous>)
      at step (C:\Program Files (x86)\Yarn\lib\cli.js:310:30)
      at C:\Program Files (x86)\Yarn\lib\cli.js:321:13

npm manifest: 
  {
    "name": "backend-pdi",
    "version": "2.0.0",
    "main": "./interfaces/index.ts",
    "scripts": {
      "start": "nodemon ./interfaces/index.ts",
    },
    "repository": "https://github.com/Gildofj/pdi-backend.git",
    "author": "Gildo <junior.ovelar@hotmail.com>",
    "license": "MIT"
  }

yarn manifest: 
  No manifest

Lockfile: 
  No lockfile
